<?xml version="1.0" encoding="UTF-8"?>
<testng-results skipped="0" failed="0" ignored="0" total="1" passed="1">
  <reporter-output>
  </reporter-output>
  <suite name="MiniSampleBankApp" duration-ms="26799" started-at="2020-02-12T20:00:15Z" finished-at="2020-02-12T20:00:42Z">
    <groups>
    </groups>
    <test name="Banking App Test" duration-ms="26799" started-at="2020-02-12T20:00:15Z" finished-at="2020-02-12T20:00:42Z">
      <class name="com.inetbanking.testCases.ValidateLoginTest">
        <test-method status="PASS" signature="setUp(java.lang.String)[pri:0, instance:com.inetbanking.testCases.ValidateLoginTest@4cf777e8]" name="setUp" is-config="true" duration-ms="11998" started-at="2020-02-12T20:00:15Z" finished-at="2020-02-12T20:00:27Z">
          <params>
            <param index="0">
              <value>
                <![CDATA[chrome]]>
              </value>
            </param>
          </params>
          <reporter-output>
          </reporter-output>
        </test-method> <!-- setUp -->
        <test-method status="PASS" signature="loginTest()[pri:0, instance:com.inetbanking.testCases.ValidateLoginTest@4cf777e8]" name="loginTest" duration-ms="13859" started-at="2020-02-12T20:00:27Z" finished-at="2020-02-12T20:00:41Z">
          <reporter-output>
          </reporter-output>
        </test-method> <!-- loginTest -->
        <test-method status="PASS" signature="tearDown()[pri:0, instance:com.inetbanking.testCases.ValidateLoginTest@4cf777e8]" name="tearDown" is-config="true" duration-ms="925" started-at="2020-02-12T20:00:41Z" finished-at="2020-02-12T20:00:42Z">
          <reporter-output>
          </reporter-output>
        </test-method> <!-- tearDown -->
      </class> <!-- com.inetbanking.testCases.ValidateLoginTest -->
    </test> <!-- Banking App Test -->
  </suite> <!-- MiniSampleBankApp -->
</testng-results>
